1: 1
2: 0
3: 0
4: 2
5: 2
6: 0
7: 0
8: 0
9: 3
10: 3
11: 0
12: 0
13: 3
14: 3
15: 0
16: 4
17: 4
18: 0
19: 0
20: 4
21: 4
22: 0
23: 0
24: 0
25: 4
26: 4
27: 0
28: 0
29: 4
30: 4
31: 0
32: 0
33: 0
34: 5
35: 5
36: 6
37: 6
38: 5
39: 5
40: 6
41: 5
42: 5
43: 0
44: 0
45: 5
46: 5
47: 0
48: 0
49: 6
50: 5
51: 5
52: 6
53: 6
54: 5
55: 5
56: 6
57: 6
58: 7
59: 7
60: 0
61: 6
62: 6
63: 7
64: 8
65: 6
66: 6
67: 0
68: 8
69: 7
70: 6
71: 6
72: 0
73: 8
74: 6
75: 6
76: 0
77: 6
78: 6
79: 7
80: 8
81: 6
82: 6
83: 7
84: 7
85: 7
86: 6
87: 6
88: 7
89: 7
90: 6
91: 6
92: 0
93: 8
94: 7
95: 7
96: 0
97: 9
98: 7
99: 7
100: 7
